Removed Pin From Net: NetName=VCC Pin=C1-1
Removed Pin From Net: NetName=VCC Pin=JDC1-1
Change Component Designator: OldDesignator=C1 NewDesignator=C3
Change Component Designator: OldDesignator=C1 NewDesignator=C4
Change Component Designator: OldDesignator=SW? NewDesignator=SW1
Change Component Designator: OldDesignator=U9 NewDesignator=U10
Added Component: Designator=C1(CAP ALU SIZE B)
Add component. Clean all parameters for all variants
Add component (AddParameter): Name = "Value"; Value = "100pF"; VariantName = "[No Variations]"
Added Component: Designator=C2(CAP-SM-0805)
Add component. Clean all parameters for all variants
Add component (AddParameter): Name = "Value"; Value = "100pF"; VariantName = "[No Variations]"
Added Component: Designator=U9(TO252-123)
Add component. Clean all parameters for all variants
Added Pin To Net: NetName=VCC Pin=C1-1
Added Pin To Net: NetName=GND Pin=C1-2
Added Pin To Net: NetName=GND Pin=C2-1
Added Pin To Net: NetName=VCC Pin=C2-2
Added Pin To Net: NetName=GND Pin=U9-2
Added Pin To Net: NetName=VCC Pin=U9-3
Added Pin To Net: NetName=NetC3_1 Pin=C3-1
Added Pin To Net: NetName=NetC3_1 Pin=JDC1-1
Added Pin To Net: NetName=NetC3_1 Pin=U9-1
Added Net: Name=NetC3_1
Change Class Name : Old Net Name=LED New Net Name=LED_v2
Added Member To Class: ClassName=LED_v2 Member=Component C2 Cap Non-Pol SMD
Added Member To Class: ClassName=LED_v2 Member=Component C3 100uF/35V
Added Member To Class: ClassName=LED_v2 Member=Component C4 104
Added Member To Class: ClassName=LED_v2 Member=Component U10 74HC595
Added Room: Name=LED_v2
